2025-02-01 08:13:01,285 - DEBUG - Starting authorization phase
2025-02-01 08:13:01,285 - DEBUG - The provided initial strategy is mysql_native_password
2025-02-01 08:13:01,285 - DEBUG - mysql_native_password completed succesfully
2025-02-01 08:13:01,294 - DEBUG - Starting new HTTPS connection (1): www.tabroom.com:443
2025-02-01 08:13:01,708 - DEBUG - https://www.tabroom.com:443 "POST /user/login/login_save.mhtml HTTP/1.1" 302 281
2025-02-01 08:13:02,226 - DEBUG - https://www.tabroom.com:443 "GET /user/home.mhtml HTTP/1.1" 302 303
2025-02-01 08:13:02,394 - DEBUG - https://www.tabroom.com:443 "GET /user/judge/panels.mhtml?err=&msg= HTTP/1.1" 200 None
2025-02-01 08:13:02,520 - DEBUG - https://www.tabroom.com:443 "GET /index/paradigm.mhtml?judge_person_id=0 HTTP/1.1" 200 None
2025-02-01 08:13:02,960 - DEBUG - https://www.tabroom.com:443 "GET /index/paradigm.mhtml?judge_person_id=1 HTTP/1.1" 200 None
2025-02-01 08:13:03,296 - DEBUG - https://www.tabroom.com:443 "GET /index/paradigm.mhtml?judge_person_id=2 HTTP/1.1" 200 None
2025-02-01 08:13:03,465 - DEBUG - https://www.tabroom.com:443 "GET /index/paradigm.mhtml?judge_person_id=5 HTTP/1.1" 200 None
2025-02-01 08:13:03,930 - DEBUG - https://www.tabroom.com:443 "GET /index/paradigm.mhtml?judge_person_id=1057 HTTP/1.1" 200 None
2025-02-01 08:13:04,324 - DEBUG - https://www.tabroom.com:443 "GET /index/paradigm.mhtml?judge_person_id=1066 HTTP/1.1" 200 None
2025-02-01 08:13:05,373 - DEBUG - https://www.tabroom.com:443 "GET /index/paradigm.mhtml?judge_person_id=1091 HTTP/1.1" 200 None
2025-02-01 08:13:05,896 - DEBUG - https://www.tabroom.com:443 "GET /index/paradigm.mhtml?judge_person_id=1265 HTTP/1.1" 200 None
2025-02-01 08:13:06,593 - DEBUG - https://www.tabroom.com:443 "GET /index/paradigm.mhtml?judge_person_id=1549 HTTP/1.1" 200 None
2025-02-01 08:13:07,106 - DEBUG - https://www.tabroom.com:443 "GET /index/paradigm.mhtml?judge_person_id=2425 HTTP/1.1" 200 None
2025-02-01 08:13:07,861 - DEBUG - https://www.tabroom.com:443 "GET /index/paradigm.mhtml?judge_person_id=3344 HTTP/1.1" 200 None
2025-02-01 08:13:08,598 - DEBUG - https://www.tabroom.com:443 "GET /index/paradigm.mhtml?judge_person_id=3529 HTTP/1.1" 200 None
2025-02-01 08:13:09,565 - DEBUG - https://www.tabroom.com:443 "GET /index/paradigm.mhtml?judge_person_id=3699 HTTP/1.1" 200 None
2025-02-01 08:13:10,173 - DEBUG - https://www.tabroom.com:443 "GET /index/paradigm.mhtml?judge_person_id=3731 HTTP/1.1" 200 None
2025-02-01 08:13:10,862 - DEBUG - https://www.tabroom.com:443 "GET /index/paradigm.mhtml?judge_person_id=4577 HTTP/1.1" 200 None
2025-02-01 08:13:11,748 - DEBUG - https://www.tabroom.com:443 "GET /index/paradigm.mhtml?judge_person_id=5149 HTTP/1.1" 200 None
2025-02-01 08:13:12,713 - DEBUG - https://www.tabroom.com:443 "GET /index/paradigm.mhtml?judge_person_id=5155 HTTP/1.1" 200 None
2025-02-01 08:13:13,858 - DEBUG - https://www.tabroom.com:443 "GET /index/paradigm.mhtml?judge_person_id=5167 HTTP/1.1" 200 None
2025-02-01 08:13:15,437 - DEBUG - https://www.tabroom.com:443 "GET /index/paradigm.mhtml?judge_person_id=5368 HTTP/1.1" 200 None
2025-02-01 08:13:16,905 - DEBUG - https://www.tabroom.com:443 "GET /index/paradigm.mhtml?judge_person_id=6217 HTTP/1.1" 200 None
2025-02-01 08:13:17,592 - DEBUG - https://www.tabroom.com:443 "GET /index/paradigm.mhtml?judge_person_id=6241 HTTP/1.1" 200 None
2025-02-01 08:13:18,483 - DEBUG - https://www.tabroom.com:443 "GET /index/paradigm.mhtml?judge_person_id=6301 HTTP/1.1" 200 None
2025-02-01 08:13:19,563 - DEBUG - https://www.tabroom.com:443 "GET /index/paradigm.mhtml?judge_person_id=6310 HTTP/1.1" 200 None
2025-02-01 08:13:20,170 - DEBUG - https://www.tabroom.com:443 "GET /index/paradigm.mhtml?judge_person_id=6324 HTTP/1.1" 200 None
2025-02-01 08:13:21,194 - DEBUG - https://www.tabroom.com:443 "GET /index/paradigm.mhtml?judge_person_id=6325 HTTP/1.1" 200 None
2025-02-01 08:13:22,775 - DEBUG - https://www.tabroom.com:443 "GET /index/paradigm.mhtml?judge_person_id=6392 HTTP/1.1" 200 None
2025-02-01 08:13:23,492 - DEBUG - https://www.tabroom.com:443 "GET /index/paradigm.mhtml?judge_person_id=6420 HTTP/1.1" 200 None
2025-02-01 08:13:24,245 - DEBUG - https://www.tabroom.com:443 "GET /index/paradigm.mhtml?judge_person_id=6481 HTTP/1.1" 200 None
2025-02-01 08:13:24,966 - DEBUG - https://www.tabroom.com:443 "GET /index/paradigm.mhtml?judge_person_id=6521 HTTP/1.1" 200 None
2025-02-01 08:13:26,016 - DEBUG - https://www.tabroom.com:443 "GET /index/paradigm.mhtml?judge_person_id=6609 HTTP/1.1" 200 None
2025-02-01 08:13:27,113 - DEBUG - https://www.tabroom.com:443 "GET /index/paradigm.mhtml?judge_person_id=6631 HTTP/1.1" 200 None
2025-02-01 08:13:27,634 - DEBUG - https://www.tabroom.com:443 "GET /index/paradigm.mhtml?judge_person_id=6695 HTTP/1.1" 200 None
2025-02-01 08:13:28,009 - DEBUG - https://www.tabroom.com:443 "GET /index/paradigm.mhtml?judge_person_id=6759 HTTP/1.1" 200 None
2025-02-01 08:13:28,986 - DEBUG - https://www.tabroom.com:443 "GET /index/paradigm.mhtml?judge_person_id=6844 HTTP/1.1" 200 None
2025-02-01 08:13:30,013 - DEBUG - https://www.tabroom.com:443 "GET /index/paradigm.mhtml?judge_person_id=6854 HTTP/1.1" 200 None
2025-02-01 08:13:31,062 - DEBUG - https://www.tabroom.com:443 "GET /index/paradigm.mhtml?judge_person_id=6939 HTTP/1.1" 200 None
2025-02-01 08:13:32,303 - DEBUG - https://www.tabroom.com:443 "GET /index/paradigm.mhtml?judge_person_id=6950 HTTP/1.1" 200 None
2025-02-01 08:13:33,160 - DEBUG - https://www.tabroom.com:443 "GET /index/paradigm.mhtml?judge_person_id=6965 HTTP/1.1" 200 None
2025-02-01 08:13:33,838 - DEBUG - https://www.tabroom.com:443 "GET /index/paradigm.mhtml?judge_person_id=6972 HTTP/1.1" 200 None
2025-02-01 08:13:34,571 - DEBUG - https://www.tabroom.com:443 "GET /index/paradigm.mhtml?judge_person_id=7092 HTTP/1.1" 200 None
2025-02-01 08:13:35,266 - DEBUG - https://www.tabroom.com:443 "GET /index/paradigm.mhtml?judge_person_id=7124 HTTP/1.1" 200 None
2025-02-01 08:13:35,972 - DEBUG - https://www.tabroom.com:443 "GET /index/paradigm.mhtml?judge_person_id=7150 HTTP/1.1" 200 None
2025-02-01 08:13:36,828 - DEBUG - https://www.tabroom.com:443 "GET /index/paradigm.mhtml?judge_person_id=7209 HTTP/1.1" 200 None
2025-02-01 08:13:37,539 - DEBUG - https://www.tabroom.com:443 "GET /index/paradigm.mhtml?judge_person_id=7336 HTTP/1.1" 200 None
2025-02-01 08:13:38,403 - DEBUG - https://www.tabroom.com:443 "GET /index/paradigm.mhtml?judge_person_id=7356 HTTP/1.1" 200 None
2025-02-01 08:13:39,448 - DEBUG - https://www.tabroom.com:443 "GET /index/paradigm.mhtml?judge_person_id=7379 HTTP/1.1" 200 None
2025-02-01 08:13:40,498 - DEBUG - https://www.tabroom.com:443 "GET /index/paradigm.mhtml?judge_person_id=7813 HTTP/1.1" 200 None
2025-02-01 08:13:41,249 - DEBUG - https://www.tabroom.com:443 "GET /index/paradigm.mhtml?judge_person_id=7914 HTTP/1.1" 200 None
2025-02-01 08:13:41,665 - DEBUG - https://www.tabroom.com:443 "GET /index/paradigm.mhtml?judge_person_id=8348 HTTP/1.1" 200 None
2025-02-01 08:13:42,282 - DEBUG - https://www.tabroom.com:443 "GET /index/paradigm.mhtml?judge_person_id=8359 HTTP/1.1" 200 None
2025-02-01 08:13:42,678 - DEBUG - https://www.tabroom.com:443 "GET /index/paradigm.mhtml?judge_person_id=8370 HTTP/1.1" 200 None
2025-02-01 08:13:43,393 - DEBUG - https://www.tabroom.com:443 "GET /index/paradigm.mhtml?judge_person_id=8382 HTTP/1.1" 200 None
2025-02-01 08:13:44,467 - DEBUG - https://www.tabroom.com:443 "GET /index/paradigm.mhtml?judge_person_id=8405 HTTP/1.1" 200 None
2025-02-01 08:13:45,019 - DEBUG - https://www.tabroom.com:443 "GET /index/paradigm.mhtml?judge_person_id=8460 HTTP/1.1" 200 None
2025-02-01 08:13:45,814 - DEBUG - https://www.tabroom.com:443 "GET /index/paradigm.mhtml?judge_person_id=8496 HTTP/1.1" 200 None
2025-02-01 08:13:46,940 - DEBUG - https://www.tabroom.com:443 "GET /index/paradigm.mhtml?judge_person_id=8501 HTTP/1.1" 200 None
2025-02-01 08:13:47,987 - DEBUG - https://www.tabroom.com:443 "GET /index/paradigm.mhtml?judge_person_id=8528 HTTP/1.1" 200 None
2025-02-01 08:13:48,585 - DEBUG - https://www.tabroom.com:443 "GET /index/paradigm.mhtml?judge_person_id=8647 HTTP/1.1" 200 None
2025-02-01 08:13:48,925 - DEBUG - https://www.tabroom.com:443 "GET /index/paradigm.mhtml?judge_person_id=9014 HTTP/1.1" 200 None
2025-02-01 08:13:49,416 - DEBUG - https://www.tabroom.com:443 "GET /index/paradigm.mhtml?judge_person_id=9805 HTTP/1.1" 200 None
2025-02-01 08:13:49,812 - DEBUG - https://www.tabroom.com:443 "GET /index/paradigm.mhtml?judge_person_id=10432 HTTP/1.1" 200 None
2025-02-01 08:13:50,467 - DEBUG - https://www.tabroom.com:443 "GET /index/paradigm.mhtml?judge_person_id=10442 HTTP/1.1" 200 None
2025-02-01 08:13:51,034 - DEBUG - https://www.tabroom.com:443 "GET /index/paradigm.mhtml?judge_person_id=10548 HTTP/1.1" 200 None
2025-02-01 08:13:51,510 - DEBUG - https://www.tabroom.com:443 "GET /index/paradigm.mhtml?judge_person_id=11112 HTTP/1.1" 200 None
2025-02-01 08:13:52,033 - DEBUG - https://www.tabroom.com:443 "GET /index/paradigm.mhtml?judge_person_id=11466 HTTP/1.1" 200 None
2025-02-01 08:13:52,953 - DEBUG - https://www.tabroom.com:443 "GET /index/paradigm.mhtml?judge_person_id=11491 HTTP/1.1" 200 None
2025-02-01 08:13:53,808 - DEBUG - https://www.tabroom.com:443 "GET /index/paradigm.mhtml?judge_person_id=11643 HTTP/1.1" 200 None
2025-02-01 08:13:54,853 - DEBUG - https://www.tabroom.com:443 "GET /index/paradigm.mhtml?judge_person_id=11718 HTTP/1.1" 200 None
2025-02-01 08:13:55,803 - DEBUG - https://www.tabroom.com:443 "GET /index/paradigm.mhtml?judge_person_id=11788 HTTP/1.1" 200 None
2025-02-01 08:13:56,753 - DEBUG - https://www.tabroom.com:443 "GET /index/paradigm.mhtml?judge_person_id=11810 HTTP/1.1" 200 None
2025-02-01 08:13:57,277 - DEBUG - https://www.tabroom.com:443 "GET /index/paradigm.mhtml?judge_person_id=11844 HTTP/1.1" 200 None
2025-02-01 08:14:00,095 - DEBUG - https://www.tabroom.com:443 "GET /index/paradigm.mhtml?judge_person_id=11978 HTTP/1.1" 200 None
2025-02-01 08:14:00,950 - DEBUG - https://www.tabroom.com:443 "GET /index/paradigm.mhtml?judge_person_id=12141 HTTP/1.1" 200 None
2025-02-01 08:14:01,471 - DEBUG - https://www.tabroom.com:443 "GET /index/paradigm.mhtml?judge_person_id=12239 HTTP/1.1" 200 None
2025-02-01 08:14:02,100 - DEBUG - https://www.tabroom.com:443 "GET /index/paradigm.mhtml?judge_person_id=12742 HTTP/1.1" 200 None
2025-02-01 08:14:03,051 - DEBUG - https://www.tabroom.com:443 "GET /index/paradigm.mhtml?judge_person_id=13253 HTTP/1.1" 200 None
2025-02-01 08:14:03,689 - DEBUG - https://www.tabroom.com:443 "GET /index/paradigm.mhtml?judge_person_id=13881 HTTP/1.1" 200 None
2025-02-01 08:14:04,283 - DEBUG - https://www.tabroom.com:443 "GET /index/paradigm.mhtml?judge_person_id=14522 HTTP/1.1" 200 None
2025-02-01 08:14:05,142 - DEBUG - https://www.tabroom.com:443 "GET /index/paradigm.mhtml?judge_person_id=14786 HTTP/1.1" 200 None
2025-02-01 08:14:06,190 - DEBUG - https://www.tabroom.com:443 "GET /index/paradigm.mhtml?judge_person_id=15555 HTTP/1.1" 200 None
2025-02-01 08:14:06,942 - DEBUG - https://www.tabroom.com:443 "GET /index/paradigm.mhtml?judge_person_id=16566 HTTP/1.1" 200 None
2025-02-01 08:14:07,242 - DEBUG - https://www.tabroom.com:443 "GET /index/paradigm.mhtml?judge_person_id=16746 HTTP/1.1" 200 None
2025-02-01 08:14:07,761 - DEBUG - https://www.tabroom.com:443 "GET /index/paradigm.mhtml?judge_person_id=16792 HTTP/1.1" 200 None
2025-02-01 08:14:08,388 - DEBUG - https://www.tabroom.com:443 "GET /index/paradigm.mhtml?judge_person_id=17145 HTTP/1.1" 200 None
2025-02-01 08:14:09,116 - DEBUG - https://www.tabroom.com:443 "GET /index/paradigm.mhtml?judge_person_id=17746 HTTP/1.1" 200 None
2025-02-01 08:14:09,731 - DEBUG - https://www.tabroom.com:443 "GET /index/paradigm.mhtml?judge_person_id=17959 HTTP/1.1" 200 None
2025-02-01 08:14:10,386 - DEBUG - https://www.tabroom.com:443 "GET /index/paradigm.mhtml?judge_person_id=18329 HTTP/1.1" 200 None
2025-02-01 08:14:10,780 - DEBUG - https://www.tabroom.com:443 "GET /index/paradigm.mhtml?judge_person_id=18444 HTTP/1.1" 200 None
2025-02-01 08:14:11,553 - DEBUG - https://www.tabroom.com:443 "GET /index/paradigm.mhtml?judge_person_id=18495 HTTP/1.1" 200 None
2025-02-01 08:14:12,064 - DEBUG - https://www.tabroom.com:443 "GET /index/paradigm.mhtml?judge_person_id=19911 HTTP/1.1" 200 None
2025-02-01 08:14:12,579 - DEBUG - https://www.tabroom.com:443 "GET /index/paradigm.mhtml?judge_person_id=19980 HTTP/1.1" 200 None
2025-02-01 08:14:13,665 - DEBUG - https://www.tabroom.com:443 "GET /index/paradigm.mhtml?judge_person_id=20123 HTTP/1.1" 200 None
2025-02-01 08:14:14,580 - DEBUG - https://www.tabroom.com:443 "GET /index/paradigm.mhtml?judge_person_id=20289 HTTP/1.1" 200 None
2025-02-01 08:14:15,180 - DEBUG - https://www.tabroom.com:443 "GET /index/paradigm.mhtml?judge_person_id=20308 HTTP/1.1" 200 None
2025-02-01 08:14:15,781 - DEBUG - https://www.tabroom.com:443 "GET /index/paradigm.mhtml?judge_person_id=20489 HTTP/1.1" 200 None
2025-02-01 08:14:16,344 - DEBUG - https://www.tabroom.com:443 "GET /index/paradigm.mhtml?judge_person_id=20900 HTTP/1.1" 200 None
2025-02-01 08:14:17,397 - DEBUG - https://www.tabroom.com:443 "GET /index/paradigm.mhtml?judge_person_id=21291 HTTP/1.1" 200 None
2025-02-01 08:14:18,293 - DEBUG - https://www.tabroom.com:443 "GET /index/paradigm.mhtml?judge_person_id=22679 HTTP/1.1" 200 None
2025-02-01 08:14:18,632 - DEBUG - https://www.tabroom.com:443 "GET /index/paradigm.mhtml?judge_person_id=25883 HTTP/1.1" 200 None
2025-02-01 08:14:19,089 - DEBUG - https://www.tabroom.com:443 "GET /index/paradigm.mhtml?judge_person_id=26252 HTTP/1.1" 200 None
2025-02-01 08:14:19,588 - DEBUG - https://www.tabroom.com:443 "GET /index/paradigm.mhtml?judge_person_id=26595 HTTP/1.1" 200 None
2025-02-01 08:14:20,006 - DEBUG - https://www.tabroom.com:443 "GET /index/paradigm.mhtml?judge_person_id=27406 HTTP/1.1" 200 None
2025-02-01 08:14:20,158 - DEBUG - https://www.tabroom.com:443 "GET /index/paradigm.mhtml?judge_person_id=31191 HTTP/1.1" 200 None
2025-02-01 08:14:20,487 - DEBUG - https://www.tabroom.com:443 "GET /index/paradigm.mhtml?judge_person_id=32232 HTTP/1.1" 200 None
2025-02-01 08:14:20,730 - DEBUG - https://www.tabroom.com:443 "GET /index/paradigm.mhtml?judge_person_id=32904 HTTP/1.1" 200 None
2025-02-01 08:14:21,185 - DEBUG - https://www.tabroom.com:443 "GET /index/paradigm.mhtml?judge_person_id=33360 HTTP/1.1" 200 None
2025-02-01 08:14:22,670 - DEBUG - https://www.tabroom.com:443 "GET /index/paradigm.mhtml?judge_person_id=33385 HTTP/1.1" 200 None
2025-02-01 08:14:23,493 - DEBUG - https://www.tabroom.com:443 "GET /index/paradigm.mhtml?judge_person_id=33654 HTTP/1.1" 200 None
2025-02-01 08:14:23,854 - DEBUG - https://www.tabroom.com:443 "GET /index/paradigm.mhtml?judge_person_id=34315 HTTP/1.1" 200 None
2025-02-01 08:14:24,239 - DEBUG - https://www.tabroom.com:443 "GET /index/paradigm.mhtml?judge_person_id=35115 HTTP/1.1" 200 None
2025-02-01 08:14:24,828 - DEBUG - https://www.tabroom.com:443 "GET /index/paradigm.mhtml?judge_person_id=35668 HTTP/1.1" 200 None
2025-02-01 08:14:25,755 - DEBUG - https://www.tabroom.com:443 "GET /index/paradigm.mhtml?judge_person_id=37107 HTTP/1.1" 200 None
2025-02-01 08:14:26,636 - DEBUG - https://www.tabroom.com:443 "GET /index/paradigm.mhtml?judge_person_id=37738 HTTP/1.1" 200 None
2025-02-01 08:14:27,161 - DEBUG - https://www.tabroom.com:443 "GET /index/paradigm.mhtml?judge_person_id=39406 HTTP/1.1" 200 None
2025-02-01 08:14:27,758 - DEBUG - https://www.tabroom.com:443 "GET /index/paradigm.mhtml?judge_person_id=39489 HTTP/1.1" 200 None
2025-02-01 08:14:28,857 - DEBUG - https://www.tabroom.com:443 "GET /index/paradigm.mhtml?judge_person_id=39781 HTTP/1.1" 200 None
2025-02-01 08:14:29,406 - DEBUG - https://www.tabroom.com:443 "GET /index/paradigm.mhtml?judge_person_id=40388 HTTP/1.1" 200 None
2025-02-01 08:14:30,048 - DEBUG - https://www.tabroom.com:443 "GET /index/paradigm.mhtml?judge_person_id=40432 HTTP/1.1" 200 None
2025-02-01 08:14:30,831 - DEBUG - https://www.tabroom.com:443 "GET /index/paradigm.mhtml?judge_person_id=40728 HTTP/1.1" 200 None
2025-02-01 08:14:31,562 - DEBUG - https://www.tabroom.com:443 "GET /index/paradigm.mhtml?judge_person_id=41048 HTTP/1.1" 200 None
2025-02-01 08:14:32,024 - DEBUG - https://www.tabroom.com:443 "GET /index/paradigm.mhtml?judge_person_id=41574 HTTP/1.1" 200 None
2025-02-01 08:14:32,407 - DEBUG - https://www.tabroom.com:443 "GET /index/paradigm.mhtml?judge_person_id=41949 HTTP/1.1" 200 None
2025-02-01 08:14:32,691 - DEBUG - https://www.tabroom.com:443 "GET /index/paradigm.mhtml?judge_person_id=43992 HTTP/1.1" 200 None
2025-02-01 08:14:33,457 - DEBUG - https://www.tabroom.com:443 "GET /index/paradigm.mhtml?judge_person_id=45721 HTTP/1.1" 200 None
2025-02-01 08:14:37,132 - DEBUG - https://www.tabroom.com:443 "GET /index/paradigm.mhtml?judge_person_id=45906 HTTP/1.1" 200 None
2025-02-01 08:14:37,701 - DEBUG - https://www.tabroom.com:443 "GET /index/paradigm.mhtml?judge_person_id=46734 HTTP/1.1" 200 None
2025-02-01 08:14:38,080 - DEBUG - https://www.tabroom.com:443 "GET /index/paradigm.mhtml?judge_person_id=47025 HTTP/1.1" 200 None
2025-02-01 08:14:38,465 - DEBUG - https://www.tabroom.com:443 "GET /index/paradigm.mhtml?judge_person_id=47165 HTTP/1.1" 200 None
2025-02-01 08:14:39,095 - DEBUG - https://www.tabroom.com:443 "GET /index/paradigm.mhtml?judge_person_id=49395 HTTP/1.1" 200 None
2025-02-01 08:14:39,749 - DEBUG - https://www.tabroom.com:443 "GET /index/paradigm.mhtml?judge_person_id=51549 HTTP/1.1" 200 None
2025-02-01 08:14:40,291 - DEBUG - https://www.tabroom.com:443 "GET /index/paradigm.mhtml?judge_person_id=52357 HTTP/1.1" 200 None
2025-02-01 08:14:40,804 - DEBUG - https://www.tabroom.com:443 "GET /index/paradigm.mhtml?judge_person_id=53138 HTTP/1.1" 200 None
2025-02-01 08:14:41,524 - DEBUG - https://www.tabroom.com:443 "GET /index/paradigm.mhtml?judge_person_id=53761 HTTP/1.1" 200 None
2025-02-01 08:14:42,382 - DEBUG - https://www.tabroom.com:443 "GET /index/paradigm.mhtml?judge_person_id=54514 HTTP/1.1" 200 None
2025-02-01 08:14:42,897 - DEBUG - https://www.tabroom.com:443 "GET /index/paradigm.mhtml?judge_person_id=54567 HTTP/1.1" 200 None
2025-02-01 08:14:43,422 - DEBUG - https://www.tabroom.com:443 "GET /index/paradigm.mhtml?judge_person_id=54829 HTTP/1.1" 200 None
2025-02-01 08:14:43,946 - DEBUG - https://www.tabroom.com:443 "GET /index/paradigm.mhtml?judge_person_id=55333 HTTP/1.1" 200 None
2025-02-01 08:14:44,470 - DEBUG - https://www.tabroom.com:443 "GET /index/paradigm.mhtml?judge_person_id=55542 HTTP/1.1" 200 None
2025-02-01 08:14:45,034 - DEBUG - https://www.tabroom.com:443 "GET /index/paradigm.mhtml?judge_person_id=55614 HTTP/1.1" 200 None
2025-02-01 08:14:45,521 - DEBUG - https://www.tabroom.com:443 "GET /index/paradigm.mhtml?judge_person_id=55965 HTTP/1.1" 200 None
2025-02-01 08:14:45,889 - DEBUG - https://www.tabroom.com:443 "GET /index/paradigm.mhtml?judge_person_id=57255 HTTP/1.1" 200 None
2025-02-01 08:14:46,567 - DEBUG - https://www.tabroom.com:443 "GET /index/paradigm.mhtml?judge_person_id=57847 HTTP/1.1" 200 None
2025-02-01 08:14:47,094 - DEBUG - https://www.tabroom.com:443 "GET /index/paradigm.mhtml?judge_person_id=58039 HTTP/1.1" 200 None
2025-02-01 08:14:47,497 - DEBUG - https://www.tabroom.com:443 "GET /index/paradigm.mhtml?judge_person_id=60080 HTTP/1.1" 200 None
2025-02-01 08:14:48,142 - DEBUG - https://www.tabroom.com:443 "GET /index/paradigm.mhtml?judge_person_id=61361 HTTP/1.1" 200 None
2025-02-01 08:14:48,624 - DEBUG - https://www.tabroom.com:443 "GET /index/paradigm.mhtml?judge_person_id=62230 HTTP/1.1" 200 None
2025-02-01 08:14:49,125 - DEBUG - https://www.tabroom.com:443 "GET /index/paradigm.mhtml?judge_person_id=62341 HTTP/1.1" 200 None
2025-02-01 08:14:49,616 - DEBUG - https://www.tabroom.com:443 "GET /index/paradigm.mhtml?judge_person_id=63706 HTTP/1.1" 200 None
2025-02-01 08:14:49,816 - DEBUG - https://www.tabroom.com:443 "GET /index/paradigm.mhtml?judge_person_id=64990 HTTP/1.1" 200 None
2025-02-01 08:14:50,408 - DEBUG - https://www.tabroom.com:443 "GET /index/paradigm.mhtml?judge_person_id=65765 HTTP/1.1" 200 None
2025-02-01 08:14:51,047 - DEBUG - https://www.tabroom.com:443 "GET /index/paradigm.mhtml?judge_person_id=67590 HTTP/1.1" 200 None
2025-02-01 08:14:51,418 - DEBUG - https://www.tabroom.com:443 "GET /index/paradigm.mhtml?judge_person_id=70926 HTTP/1.1" 200 None
2025-02-01 08:14:52,198 - DEBUG - https://www.tabroom.com:443 "GET /index/paradigm.mhtml?judge_person_id=71080 HTTP/1.1" 200 None
2025-02-01 08:14:52,474 - DEBUG - https://www.tabroom.com:443 "GET /index/paradigm.mhtml?judge_person_id=71797 HTTP/1.1" 200 None
2025-02-01 08:14:52,915 - DEBUG - https://www.tabroom.com:443 "GET /index/paradigm.mhtml?judge_person_id=72834 HTTP/1.1" 200 None
2025-02-01 08:14:53,307 - DEBUG - https://www.tabroom.com:443 "GET /index/paradigm.mhtml?judge_person_id=76128 HTTP/1.1" 200 None
2025-02-01 08:14:53,744 - DEBUG - https://www.tabroom.com:443 "GET /index/paradigm.mhtml?judge_person_id=77025 HTTP/1.1" 200 None
2025-02-01 08:14:54,176 - DEBUG - https://www.tabroom.com:443 "GET /index/paradigm.mhtml?judge_person_id=78600 HTTP/1.1" 200 None
2025-02-01 08:14:54,625 - DEBUG - https://www.tabroom.com:443 "GET /index/paradigm.mhtml?judge_person_id=79110 HTTP/1.1" 200 None
2025-02-01 08:14:54,979 - DEBUG - https://www.tabroom.com:443 "GET /index/paradigm.mhtml?judge_person_id=80131 HTTP/1.1" 200 None
2025-02-01 08:14:55,437 - DEBUG - https://www.tabroom.com:443 "GET /index/paradigm.mhtml?judge_person_id=81344 HTTP/1.1" 200 None
2025-02-01 08:14:55,825 - DEBUG - https://www.tabroom.com:443 "GET /index/paradigm.mhtml?judge_person_id=81511 HTTP/1.1" 200 None
2025-02-01 08:14:56,575 - DEBUG - https://www.tabroom.com:443 "GET /index/paradigm.mhtml?judge_person_id=82469 HTTP/1.1" 200 None
2025-02-01 08:14:56,871 - DEBUG - https://www.tabroom.com:443 "GET /index/paradigm.mhtml?judge_person_id=82542 HTTP/1.1" 200 None
2025-02-01 08:14:57,123 - DEBUG - https://www.tabroom.com:443 "GET /index/paradigm.mhtml?judge_person_id=83424 HTTP/1.1" 200 None
2025-02-01 08:14:57,767 - DEBUG - https://www.tabroom.com:443 "GET /index/paradigm.mhtml?judge_person_id=83696 HTTP/1.1" 200 None
2025-02-01 08:14:58,313 - DEBUG - https://www.tabroom.com:443 "GET /index/paradigm.mhtml?judge_person_id=84371 HTTP/1.1" 200 None
2025-02-01 08:14:58,645 - DEBUG - https://www.tabroom.com:443 "GET /index/paradigm.mhtml?judge_person_id=84374 HTTP/1.1" 200 None
2025-02-01 08:14:58,974 - DEBUG - https://www.tabroom.com:443 "GET /index/paradigm.mhtml?judge_person_id=84495 HTTP/1.1" 200 None
2025-02-01 08:14:59,491 - DEBUG - https://www.tabroom.com:443 "GET /index/paradigm.mhtml?judge_person_id=86071 HTTP/1.1" 200 None
2025-02-01 08:15:00,011 - DEBUG - https://www.tabroom.com:443 "GET /index/paradigm.mhtml?judge_person_id=86797 HTTP/1.1" 200 None
2025-02-01 08:15:00,335 - DEBUG - https://www.tabroom.com:443 "GET /index/paradigm.mhtml?judge_person_id=86923 HTTP/1.1" 200 None
2025-02-01 08:15:00,631 - DEBUG - https://www.tabroom.com:443 "GET /index/paradigm.mhtml?judge_person_id=87660 HTTP/1.1" 200 None
2025-02-01 08:15:00,954 - DEBUG - https://www.tabroom.com:443 "GET /index/paradigm.mhtml?judge_person_id=88145 HTTP/1.1" 200 None
2025-02-01 08:15:01,391 - DEBUG - https://www.tabroom.com:443 "GET /index/paradigm.mhtml?judge_person_id=89305 HTTP/1.1" 200 None
2025-02-01 08:15:01,774 - DEBUG - https://www.tabroom.com:443 "GET /index/paradigm.mhtml?judge_person_id=90106 HTTP/1.1" 200 None
2025-02-01 08:15:02,380 - DEBUG - https://www.tabroom.com:443 "GET /index/paradigm.mhtml?judge_person_id=90885 HTTP/1.1" 200 None
2025-02-01 08:15:02,960 - DEBUG - https://www.tabroom.com:443 "GET /index/paradigm.mhtml?judge_person_id=93207 HTTP/1.1" 200 None
2025-02-01 08:15:03,366 - DEBUG - https://www.tabroom.com:443 "GET /index/paradigm.mhtml?judge_person_id=96668 HTTP/1.1" 200 None
2025-02-01 08:15:03,876 - DEBUG - https://www.tabroom.com:443 "GET /index/paradigm.mhtml?judge_person_id=97275 HTTP/1.1" 200 None
2025-02-01 08:15:04,310 - DEBUG - https://www.tabroom.com:443 "GET /index/paradigm.mhtml?judge_person_id=98761 HTTP/1.1" 200 None
2025-02-01 08:15:04,695 - DEBUG - https://www.tabroom.com:443 "GET /index/paradigm.mhtml?judge_person_id=100075 HTTP/1.1" 200 None
2025-02-01 08:15:06,096 - DEBUG - https://www.tabroom.com:443 "GET /index/paradigm.mhtml?judge_person_id=100961 HTTP/1.1" 200 None
2025-02-01 08:15:06,968 - DEBUG - https://www.tabroom.com:443 "GET /index/paradigm.mhtml?judge_person_id=113094 HTTP/1.1" 200 None
2025-02-01 08:15:07,490 - DEBUG - https://www.tabroom.com:443 "GET /index/paradigm.mhtml?judge_person_id=114345 HTTP/1.1" 200 None
2025-02-01 08:15:08,475 - DEBUG - https://www.tabroom.com:443 "GET /index/paradigm.mhtml?judge_person_id=116035 HTTP/1.1" 200 None
2025-02-01 08:15:08,733 - DEBUG - https://www.tabroom.com:443 "GET /index/paradigm.mhtml?judge_person_id=116545 HTTP/1.1" 200 None
2025-02-01 08:15:09,308 - DEBUG - https://www.tabroom.com:443 "GET /index/paradigm.mhtml?judge_person_id=117352 HTTP/1.1" 200 None
2025-02-01 08:15:09,893 - DEBUG - https://www.tabroom.com:443 "GET /index/paradigm.mhtml?judge_person_id=120256 HTTP/1.1" 200 None
2025-02-01 08:15:10,372 - DEBUG - https://www.tabroom.com:443 "GET /index/paradigm.mhtml?judge_person_id=121390 HTTP/1.1" 200 None
2025-02-01 08:15:11,051 - DEBUG - https://www.tabroom.com:443 "GET /index/paradigm.mhtml?judge_person_id=121474 HTTP/1.1" 200 None
2025-02-01 08:15:11,678 - DEBUG - https://www.tabroom.com:443 "GET /index/paradigm.mhtml?judge_person_id=121605 HTTP/1.1" 200 None
2025-02-01 08:15:12,056 - DEBUG - https://www.tabroom.com:443 "GET /index/paradigm.mhtml?judge_person_id=122495 HTTP/1.1" 200 None
2025-02-01 08:15:12,728 - DEBUG - https://www.tabroom.com:443 "GET /index/paradigm.mhtml?judge_person_id=123104 HTTP/1.1" 200 None
2025-02-01 08:15:13,030 - DEBUG - https://www.tabroom.com:443 "GET /index/paradigm.mhtml?judge_person_id=123215 HTTP/1.1" 200 None
2025-02-01 08:15:13,285 - DEBUG - https://www.tabroom.com:443 "GET /index/paradigm.mhtml?judge_person_id=123299 HTTP/1.1" 200 None
2025-02-01 08:15:14,193 - DEBUG - https://www.tabroom.com:443 "GET /index/paradigm.mhtml?judge_person_id=124025 HTTP/1.1" 200 None
2025-02-01 08:15:14,839 - DEBUG - https://www.tabroom.com:443 "GET /index/paradigm.mhtml?judge_person_id=125290 HTTP/1.1" 200 None
2025-02-01 08:15:15,269 - DEBUG - https://www.tabroom.com:443 "GET /index/paradigm.mhtml?judge_person_id=126413 HTTP/1.1" 200 None
2025-02-01 08:15:16,025 - DEBUG - https://www.tabroom.com:443 "GET /index/paradigm.mhtml?judge_person_id=128509 HTTP/1.1" 200 None
2025-02-01 08:15:16,491 - DEBUG - https://www.tabroom.com:443 "GET /index/paradigm.mhtml?judge_person_id=130496 HTTP/1.1" 200 None
2025-02-01 08:15:16,715 - DEBUG - https://www.tabroom.com:443 "GET /index/paradigm.mhtml?judge_person_id=130550 HTTP/1.1" 200 None
2025-02-01 08:15:16,946 - DEBUG - https://www.tabroom.com:443 "GET /index/paradigm.mhtml?judge_person_id=130715 HTTP/1.1" 200 None
2025-02-01 08:15:17,303 - DEBUG - https://www.tabroom.com:443 "GET /index/paradigm.mhtml?judge_person_id=132384 HTTP/1.1" 200 None
2025-02-01 08:15:18,106 - DEBUG - https://www.tabroom.com:443 "GET /index/paradigm.mhtml?judge_person_id=136849 HTTP/1.1" 200 None
2025-02-01 08:15:18,431 - DEBUG - https://www.tabroom.com:443 "GET /index/paradigm.mhtml?judge_person_id=137392 HTTP/1.1" 200 None
2025-02-01 08:15:18,787 - DEBUG - https://www.tabroom.com:443 "GET /index/paradigm.mhtml?judge_person_id=138945 HTTP/1.1" 200 None
2025-02-01 08:15:19,143 - DEBUG - https://www.tabroom.com:443 "GET /index/paradigm.mhtml?judge_person_id=139785 HTTP/1.1" 200 None
2025-02-01 08:15:19,592 - DEBUG - https://www.tabroom.com:443 "GET /index/paradigm.mhtml?judge_person_id=140803 HTTP/1.1" 200 None
2025-02-01 08:15:20,358 - DEBUG - https://www.tabroom.com:443 "GET /index/paradigm.mhtml?judge_person_id=141038 HTTP/1.1" 200 None
2025-02-01 08:15:20,653 - DEBUG - https://www.tabroom.com:443 "GET /index/paradigm.mhtml?judge_person_id=142090 HTTP/1.1" 200 None
2025-02-01 08:15:20,996 - DEBUG - https://www.tabroom.com:443 "GET /index/paradigm.mhtml?judge_person_id=142645 HTTP/1.1" 200 None
2025-02-01 08:15:21,213 - DEBUG - https://www.tabroom.com:443 "GET /index/paradigm.mhtml?judge_person_id=142654 HTTP/1.1" 200 None
2025-02-01 08:15:21,469 - DEBUG - https://www.tabroom.com:443 "GET /index/paradigm.mhtml?judge_person_id=146195 HTTP/1.1" 200 None
2025-02-01 08:15:21,740 - DEBUG - https://www.tabroom.com:443 "GET /index/paradigm.mhtml?judge_person_id=147545 HTTP/1.1" 200 None
2025-02-01 08:15:21,972 - DEBUG - https://www.tabroom.com:443 "GET /index/paradigm.mhtml?judge_person_id=147576 HTTP/1.1" 200 None
2025-02-01 08:15:22,354 - DEBUG - https://www.tabroom.com:443 "GET /index/paradigm.mhtml?judge_person_id=148028 HTTP/1.1" 200 None
2025-02-01 08:15:22,822 - DEBUG - https://www.tabroom.com:443 "GET /index/paradigm.mhtml?judge_person_id=148389 HTTP/1.1" 200 None
2025-02-01 08:15:23,343 - DEBUG - https://www.tabroom.com:443 "GET /index/paradigm.mhtml?judge_person_id=148999 HTTP/1.1" 200 None
2025-02-01 08:15:23,867 - DEBUG - https://www.tabroom.com:443 "GET /index/paradigm.mhtml?judge_person_id=150492 HTTP/1.1" 200 None
2025-02-01 08:15:24,522 - DEBUG - https://www.tabroom.com:443 "GET /index/paradigm.mhtml?judge_person_id=150503 HTTP/1.1" 200 None
2025-02-01 08:15:25,047 - DEBUG - https://www.tabroom.com:443 "GET /index/paradigm.mhtml?judge_person_id=153128 HTTP/1.1" 200 None
2025-02-01 08:15:25,569 - DEBUG - https://www.tabroom.com:443 "GET /index/paradigm.mhtml?judge_person_id=153704 HTTP/1.1" 200 None
2025-02-01 08:15:25,921 - DEBUG - https://www.tabroom.com:443 "GET /index/paradigm.mhtml?judge_person_id=156722 HTTP/1.1" 200 None
2025-02-01 08:15:26,425 - DEBUG - https://www.tabroom.com:443 "GET /index/paradigm.mhtml?judge_person_id=158022 HTTP/1.1" 200 None
2025-02-01 08:15:26,947 - DEBUG - https://www.tabroom.com:443 "GET /index/paradigm.mhtml?judge_person_id=163590 HTTP/1.1" 200 None
2025-02-01 08:15:27,220 - DEBUG - https://www.tabroom.com:443 "GET /index/paradigm.mhtml?judge_person_id=164551 HTTP/1.1" 200 None
2025-02-01 08:15:27,728 - DEBUG - https://www.tabroom.com:443 "GET /index/paradigm.mhtml?judge_person_id=166998 HTTP/1.1" 200 None
2025-02-01 08:15:28,215 - DEBUG - https://www.tabroom.com:443 "GET /index/paradigm.mhtml?judge_person_id=170665 HTTP/1.1" 200 None
2025-02-01 08:15:28,793 - DEBUG - https://www.tabroom.com:443 "GET /index/paradigm.mhtml?judge_person_id=172294 HTTP/1.1" 200 None
2025-02-01 08:15:29,310 - DEBUG - https://www.tabroom.com:443 "GET /index/paradigm.mhtml?judge_person_id=172749 HTTP/1.1" 200 None
2025-02-01 08:15:30,141 - DEBUG - https://www.tabroom.com:443 "GET /index/paradigm.mhtml?judge_person_id=173755 HTTP/1.1" 200 None
2025-02-01 08:15:30,635 - DEBUG - https://www.tabroom.com:443 "GET /index/paradigm.mhtml?judge_person_id=175348 HTTP/1.1" 200 None
2025-02-01 08:15:31,037 - DEBUG - https://www.tabroom.com:443 "GET /index/paradigm.mhtml?judge_person_id=176144 HTTP/1.1" 200 None
2025-02-01 08:15:31,336 - DEBUG - https://www.tabroom.com:443 "GET /index/paradigm.mhtml?judge_person_id=176306 HTTP/1.1" 200 None
2025-02-01 08:15:31,693 - DEBUG - https://www.tabroom.com:443 "GET /index/paradigm.mhtml?judge_person_id=177436 HTTP/1.1" 200 None
2025-02-01 08:15:31,986 - DEBUG - https://www.tabroom.com:443 "GET /index/paradigm.mhtml?judge_person_id=177610 HTTP/1.1" 200 None
2025-02-01 08:15:32,333 - DEBUG - https://www.tabroom.com:443 "GET /index/paradigm.mhtml?judge_person_id=179623 HTTP/1.1" 200 None
2025-02-01 08:15:32,660 - DEBUG - https://www.tabroom.com:443 "GET /index/paradigm.mhtml?judge_person_id=179672 HTTP/1.1" 200 None
2025-02-01 08:15:33,441 - DEBUG - https://www.tabroom.com:443 "GET /index/paradigm.mhtml?judge_person_id=179677 HTTP/1.1" 200 None
2025-02-01 08:15:33,775 - DEBUG - https://www.tabroom.com:443 "GET /index/paradigm.mhtml?judge_person_id=180522 HTTP/1.1" 200 None
2025-02-01 08:15:33,901 - DEBUG - https://www.tabroom.com:443 "GET /index/paradigm.mhtml?judge_person_id=180557 HTTP/1.1" 200 None
2025-02-01 08:15:34,208 - DEBUG - https://www.tabroom.com:443 "GET /index/paradigm.mhtml?judge_person_id=181147 HTTP/1.1" 200 None
2025-02-01 08:15:34,647 - DEBUG - https://www.tabroom.com:443 "GET /index/paradigm.mhtml?judge_person_id=183301 HTTP/1.1" 200 None
2025-02-01 08:15:35,038 - DEBUG - https://www.tabroom.com:443 "GET /index/paradigm.mhtml?judge_person_id=183389 HTTP/1.1" 200 None
2025-02-01 08:15:35,511 - DEBUG - https://www.tabroom.com:443 "GET /index/paradigm.mhtml?judge_person_id=183395 HTTP/1.1" 200 None
2025-02-01 08:15:35,814 - DEBUG - https://www.tabroom.com:443 "GET /index/paradigm.mhtml?judge_person_id=185166 HTTP/1.1" 200 None
2025-02-01 08:15:36,181 - DEBUG - https://www.tabroom.com:443 "GET /index/paradigm.mhtml?judge_person_id=186329 HTTP/1.1" 200 None
2025-02-01 08:15:36,571 - DEBUG - https://www.tabroom.com:443 "GET /index/paradigm.mhtml?judge_person_id=189123 HTTP/1.1" 200 None
2025-02-01 08:15:36,873 - DEBUG - https://www.tabroom.com:443 "GET /index/paradigm.mhtml?judge_person_id=189386 HTTP/1.1" 200 None
2025-02-01 08:15:37,411 - DEBUG - https://www.tabroom.com:443 "GET /index/paradigm.mhtml?judge_person_id=190051 HTTP/1.1" 200 None
2025-02-01 08:15:37,772 - DEBUG - https://www.tabroom.com:443 "GET /index/paradigm.mhtml?judge_person_id=192420 HTTP/1.1" 200 None
2025-02-01 08:15:38,044 - DEBUG - https://www.tabroom.com:443 "GET /index/paradigm.mhtml?judge_person_id=197298 HTTP/1.1" 200 None
2025-02-01 08:15:38,318 - DEBUG - https://www.tabroom.com:443 "GET /index/paradigm.mhtml?judge_person_id=199272 HTTP/1.1" 200 None
2025-02-01 08:15:38,576 - DEBUG - https://www.tabroom.com:443 "GET /index/paradigm.mhtml?judge_person_id=201545 HTTP/1.1" 200 None
2025-02-01 08:15:38,813 - DEBUG - https://www.tabroom.com:443 "GET /index/paradigm.mhtml?judge_person_id=202640 HTTP/1.1" 200 None
2025-02-01 08:15:39,083 - DEBUG - https://www.tabroom.com:443 "GET /index/paradigm.mhtml?judge_person_id=202708 HTTP/1.1" 200 None
2025-02-01 08:15:39,618 - DEBUG - https://www.tabroom.com:443 "GET /index/paradigm.mhtml?judge_person_id=203957 HTTP/1.1" 200 None
2025-02-01 08:15:39,919 - DEBUG - https://www.tabroom.com:443 "GET /index/paradigm.mhtml?judge_person_id=204729 HTTP/1.1" 200 None
2025-02-01 08:15:40,256 - DEBUG - https://www.tabroom.com:443 "GET /index/paradigm.mhtml?judge_person_id=206006 HTTP/1.1" 200 None
2025-02-01 08:15:40,590 - DEBUG - https://www.tabroom.com:443 "GET /index/paradigm.mhtml?judge_person_id=209175 HTTP/1.1" 200 None
2025-02-01 08:15:40,925 - DEBUG - https://www.tabroom.com:443 "GET /index/paradigm.mhtml?judge_person_id=209955 HTTP/1.1" 200 None
2025-02-01 08:15:41,417 - DEBUG - https://www.tabroom.com:443 "GET /index/paradigm.mhtml?judge_person_id=211684 HTTP/1.1" 200 None
2025-02-01 08:15:41,815 - DEBUG - https://www.tabroom.com:443 "GET /index/paradigm.mhtml?judge_person_id=212193 HTTP/1.1" 200 None
2025-02-01 08:15:42,057 - DEBUG - https://www.tabroom.com:443 "GET /index/paradigm.mhtml?judge_person_id=215852 HTTP/1.1" 200 None
2025-02-01 08:15:42,292 - DEBUG - https://www.tabroom.com:443 "GET /index/paradigm.mhtml?judge_person_id=216461 HTTP/1.1" 200 None
2025-02-01 08:15:42,542 - DEBUG - https://www.tabroom.com:443 "GET /index/paradigm.mhtml?judge_person_id=229567 HTTP/1.1" 200 None
2025-02-01 08:15:42,789 - DEBUG - https://www.tabroom.com:443 "GET /index/paradigm.mhtml?judge_person_id=230959 HTTP/1.1" 200 None
2025-02-01 08:15:43,150 - DEBUG - https://www.tabroom.com:443 "GET /index/paradigm.mhtml?judge_person_id=232542 HTTP/1.1" 200 None
2025-02-01 08:15:43,394 - DEBUG - https://www.tabroom.com:443 "GET /index/paradigm.mhtml?judge_person_id=235443 HTTP/1.1" 200 None
2025-02-01 08:15:44,066 - DEBUG - https://www.tabroom.com:443 "GET /index/paradigm.mhtml?judge_person_id=235724 HTTP/1.1" 200 None
2025-02-01 08:15:44,485 - DEBUG - https://www.tabroom.com:443 "GET /index/paradigm.mhtml?judge_person_id=235959 HTTP/1.1" 200 None
2025-02-01 08:15:44,720 - DEBUG - https://www.tabroom.com:443 "GET /index/paradigm.mhtml?judge_person_id=240293 HTTP/1.1" 200 None
2025-02-01 08:15:44,905 - DEBUG - https://www.tabroom.com:443 "GET /index/paradigm.mhtml?judge_person_id=240774 HTTP/1.1" 200 None
2025-02-01 08:15:45,240 - DEBUG - https://www.tabroom.com:443 "GET /index/paradigm.mhtml?judge_person_id=243600 HTTP/1.1" 200 None
2025-02-01 08:15:45,575 - DEBUG - https://www.tabroom.com:443 "GET /index/paradigm.mhtml?judge_person_id=244286 HTTP/1.1" 200 None
2025-02-01 08:15:45,827 - DEBUG - https://www.tabroom.com:443 "GET /index/paradigm.mhtml?judge_person_id=244323 HTTP/1.1" 200 None
2025-02-01 08:15:46,043 - DEBUG - https://www.tabroom.com:443 "GET /index/paradigm.mhtml?judge_person_id=244342 HTTP/1.1" 200 None
2025-02-01 08:15:46,419 - DEBUG - https://www.tabroom.com:443 "GET /index/paradigm.mhtml?judge_person_id=244624 HTTP/1.1" 200 None
2025-02-01 08:15:46,723 - DEBUG - https://www.tabroom.com:443 "GET /index/paradigm.mhtml?judge_person_id=244731 HTTP/1.1" 200 None
2025-02-01 08:15:47,281 - DEBUG - https://www.tabroom.com:443 "GET /index/paradigm.mhtml?judge_person_id=245332 HTTP/1.1" 200 None
2025-02-01 08:15:47,624 - DEBUG - https://www.tabroom.com:443 "GET /index/paradigm.mhtml?judge_person_id=246470 HTTP/1.1" 200 None
2025-02-01 08:15:48,022 - DEBUG - https://www.tabroom.com:443 "GET /index/paradigm.mhtml?judge_person_id=247014 HTTP/1.1" 200 None
2025-02-01 08:15:48,269 - DEBUG - https://www.tabroom.com:443 "GET /index/paradigm.mhtml?judge_person_id=248225 HTTP/1.1" 200 None
2025-02-01 08:15:48,915 - DEBUG - https://www.tabroom.com:443 "GET /index/paradigm.mhtml?judge_person_id=250386 HTTP/1.1" 200 None
2025-02-01 08:15:49,217 - DEBUG - https://www.tabroom.com:443 "GET /index/paradigm.mhtml?judge_person_id=250866 HTTP/1.1" 200 None
2025-02-01 08:15:49,436 - DEBUG - https://www.tabroom.com:443 "GET /index/paradigm.mhtml?judge_person_id=252982 HTTP/1.1" 200 None
2025-02-01 08:15:49,651 - DEBUG - https://www.tabroom.com:443 "GET /index/paradigm.mhtml?judge_person_id=254563 HTTP/1.1" 200 None
2025-02-01 08:15:49,974 - DEBUG - https://www.tabroom.com:443 "GET /index/paradigm.mhtml?judge_person_id=255657 HTTP/1.1" 200 None
2025-02-01 08:15:50,317 - DEBUG - https://www.tabroom.com:443 "GET /index/paradigm.mhtml?judge_person_id=258550 HTTP/1.1" 200 None
2025-02-01 08:15:50,567 - DEBUG - https://www.tabroom.com:443 "GET /index/paradigm.mhtml?judge_person_id=264592 HTTP/1.1" 200 None
2025-02-01 08:15:50,826 - DEBUG - https://www.tabroom.com:443 "GET /index/paradigm.mhtml?judge_person_id=264932 HTTP/1.1" 200 None
2025-02-01 08:15:51,251 - DEBUG - https://www.tabroom.com:443 "GET /index/paradigm.mhtml?judge_person_id=269562 HTTP/1.1" 200 None
2025-02-01 08:15:51,612 - DEBUG - https://www.tabroom.com:443 "GET /index/paradigm.mhtml?judge_person_id=271560 HTTP/1.1" 200 None
2025-02-01 08:15:52,134 - DEBUG - https://www.tabroom.com:443 "GET /index/paradigm.mhtml?judge_person_id=272323 HTTP/1.1" 200 None
2025-02-01 08:15:52,593 - DEBUG - https://www.tabroom.com:443 "GET /index/paradigm.mhtml?judge_person_id=276049 HTTP/1.1" 200 None
2025-02-01 08:15:52,918 - DEBUG - https://www.tabroom.com:443 "GET /index/paradigm.mhtml?judge_person_id=281522 HTTP/1.1" 200 None
2025-02-01 08:15:53,241 - DEBUG - https://www.tabroom.com:443 "GET /index/paradigm.mhtml?judge_person_id=282852 HTTP/1.1" 200 None
2025-02-01 08:15:53,495 - DEBUG - https://www.tabroom.com:443 "GET /index/paradigm.mhtml?judge_person_id=289940 HTTP/1.1" 200 None
2025-02-01 08:15:53,781 - DEBUG - https://www.tabroom.com:443 "GET /index/paradigm.mhtml?judge_person_id=289942 HTTP/1.1" 200 None
2025-02-01 08:15:54,023 - DEBUG - https://www.tabroom.com:443 "GET /index/paradigm.mhtml?judge_person_id=297328 HTTP/1.1" 200 None
2025-02-01 08:15:54,412 - DEBUG - https://www.tabroom.com:443 "GET /index/paradigm.mhtml?judge_person_id=300704 HTTP/1.1" 200 None
2025-02-01 08:15:54,727 - DEBUG - https://www.tabroom.com:443 "GET /index/paradigm.mhtml?judge_person_id=323341 HTTP/1.1" 200 None
2025-02-01 08:15:55,016 - DEBUG - https://www.tabroom.com:443 "GET /index/paradigm.mhtml?judge_person_id=326923 HTTP/1.1" 200 None
2025-02-01 08:15:55,506 - DEBUG - https://www.tabroom.com:443 "GET /index/paradigm.mhtml?judge_person_id=335853 HTTP/1.1" 200 None
2025-02-01 08:15:56,256 - DEBUG - https://www.tabroom.com:443 "GET /index/paradigm.mhtml?judge_person_id=367699 HTTP/1.1" 200 None
2025-02-01 08:15:56,830 - DEBUG - https://www.tabroom.com:443 "GET /index/paradigm.mhtml?judge_person_id=367805 HTTP/1.1" 200 None
2025-02-01 08:15:57,251 - DEBUG - https://www.tabroom.com:443 "GET /index/paradigm.mhtml?judge_person_id=367890 HTTP/1.1" 200 None
2025-02-01 08:15:57,618 - DEBUG - https://www.tabroom.com:443 "GET /index/paradigm.mhtml?judge_person_id=369576 HTTP/1.1" 200 None
2025-02-01 08:15:57,938 - DEBUG - https://www.tabroom.com:443 "GET /index/paradigm.mhtml?judge_person_id=377231 HTTP/1.1" 200 None
2025-02-01 08:15:58,258 - DEBUG - https://www.tabroom.com:443 "GET /index/paradigm.mhtml?judge_person_id=379394 HTTP/1.1" 200 None
2025-02-01 08:15:58,384 - DEBUG - https://www.tabroom.com:443 "GET /index/paradigm.mhtml?judge_person_id=393011 HTTP/1.1" 200 None
2025-02-01 08:15:58,649 - DEBUG - https://www.tabroom.com:443 "GET /index/paradigm.mhtml?judge_person_id=398643 HTTP/1.1" 200 None
2025-02-01 08:15:58,949 - DEBUG - https://www.tabroom.com:443 "GET /index/paradigm.mhtml?judge_person_id=402270 HTTP/1.1" 200 None
2025-02-01 08:15:59,351 - DEBUG - https://www.tabroom.com:443 "GET /index/paradigm.mhtml?judge_person_id=418616 HTTP/1.1" 200 None
2025-02-01 08:15:59,696 - DEBUG - https://www.tabroom.com:443 "GET /index/paradigm.mhtml?judge_person_id=419936 HTTP/1.1" 200 None
2025-02-01 08:16:00,159 - DEBUG - https://www.tabroom.com:443 "GET /index/paradigm.mhtml?judge_person_id=433989 HTTP/1.1" 200 None
2025-02-01 08:16:00,410 - DEBUG - https://www.tabroom.com:443 "GET /index/paradigm.mhtml?judge_person_id=465681 HTTP/1.1" 200 None
2025-02-01 08:16:00,735 - DEBUG - https://www.tabroom.com:443 "GET /index/paradigm.mhtml?judge_person_id=488790 HTTP/1.1" 200 None
2025-02-01 08:16:00,986 - DEBUG - https://www.tabroom.com:443 "GET /index/paradigm.mhtml?judge_person_id=495076 HTTP/1.1" 200 None
2025-02-01 08:16:01,401 - DEBUG - https://www.tabroom.com:443 "GET /index/paradigm.mhtml?judge_person_id=509657 HTTP/1.1" 200 None
2025-02-01 08:16:01,810 - DEBUG - https://www.tabroom.com:443 "GET /index/paradigm.mhtml?judge_person_id=547332 HTTP/1.1" 200 None
2025-02-01 08:16:02,195 - DEBUG - https://www.tabroom.com:443 "GET /index/paradigm.mhtml?judge_person_id=584617 HTTP/1.1" 200 None
2025-02-01 08:16:02,714 - DEBUG - https://www.tabroom.com:443 "GET /index/paradigm.mhtml?judge_person_id=651944 HTTP/1.1" 200 None
2025-02-01 08:16:03,033 - DEBUG - https://www.tabroom.com:443 "GET /index/paradigm.mhtml?judge_person_id=674887 HTTP/1.1" 200 None
2025-02-01 08:16:03,274 - DEBUG - https://www.tabroom.com:443 "GET /index/paradigm.mhtml?judge_person_id=689479 HTTP/1.1" 200 None
2025-02-01 08:16:03,494 - DEBUG - https://www.tabroom.com:443 "GET /index/paradigm.mhtml?judge_person_id=690019 HTTP/1.1" 200 None
2025-02-01 08:16:03,797 - DEBUG - https://www.tabroom.com:443 "GET /index/paradigm.mhtml?judge_person_id=714844 HTTP/1.1" 200 None
2025-02-01 08:16:04,111 - DEBUG - https://www.tabroom.com:443 "GET /index/paradigm.mhtml?judge_person_id=775841 HTTP/1.1" 200 None
