2025-02-26 14:11:00,178 - DEBUG - Starting new HTTPS connection (1): www.tabroom.com:443
2025-02-26 14:11:00,476 - DEBUG - https://www.tabroom.com:443 "GET /index/tourn/index.mhtml?tourn_id=34410 HTTP/1.1" 200 None
2025-02-26 14:11:00,508 - DEBUG - Starting new HTTPS connection (1): www.tabroom.com:443
2025-02-26 14:11:00,827 - DEBUG - https://www.tabroom.com:443 "GET /index/tourn/judges.mhtml?category_id=92129&tourn_id=34410 HTTP/1.1" 200 None
2025-02-26 14:11:00,898 - DEBUG - 34410
2025-02-26 14:11:00,933 - DEBUG - Starting new HTTPS connection (1): www.tabroom.com:443
2025-02-26 14:11:01,250 - DEBUG - https://www.tabroom.com:443 "POST /user/login/login_save.mhtml HTTP/1.1" 302 281
2025-02-26 14:11:01,623 - DEBUG - https://www.tabroom.com:443 "GET /user/home.mhtml HTTP/1.1" 302 302
2025-02-26 14:11:01,768 - DEBUG - https://www.tabroom.com:443 "GET /user/judge/index.mhtml?err=&msg= HTTP/1.1" 200 None
2025-02-26 14:11:02,279 - DEBUG - https://www.tabroom.com:443 "GET /index/paradigm.mhtml?judge_person_id=62341 HTTP/1.1" 200 None
2025-02-26 14:11:02,415 - DEBUG - Starting new HTTPS connection (1): www.tabroom.com:443
2025-02-26 14:11:02,674 - DEBUG - https://www.tabroom.com:443 "POST /user/login/login_save.mhtml HTTP/1.1" 302 281
2025-02-26 14:11:03,019 - DEBUG - https://www.tabroom.com:443 "GET /user/home.mhtml HTTP/1.1" 302 302
2025-02-26 14:11:03,191 - DEBUG - https://www.tabroom.com:443 "GET /user/judge/index.mhtml?err=&msg= HTTP/1.1" 200 None
2025-02-26 14:11:03,884 - DEBUG - https://www.tabroom.com:443 "GET /index/paradigm.mhtml?judge_person_id=6631 HTTP/1.1" 200 None
2025-02-26 14:11:04,084 - DEBUG - Starting new HTTPS connection (1): www.tabroom.com:443
2025-02-26 14:11:04,334 - DEBUG - https://www.tabroom.com:443 "POST /user/login/login_save.mhtml HTTP/1.1" 302 281
2025-02-26 14:11:04,835 - DEBUG - https://www.tabroom.com:443 "GET /user/home.mhtml HTTP/1.1" 302 302
2025-02-26 14:11:04,986 - DEBUG - https://www.tabroom.com:443 "GET /user/judge/index.mhtml?err=&msg= HTTP/1.1" 200 None
2025-02-26 14:11:05,386 - DEBUG - https://www.tabroom.com:443 "GET /index/paradigm.mhtml?judge_person_id=244731 HTTP/1.1" 200 None
2025-02-26 14:11:05,460 - DEBUG - Starting new HTTPS connection (1): www.tabroom.com:443
2025-02-26 14:11:05,723 - DEBUG - https://www.tabroom.com:443 "POST /user/login/login_save.mhtml HTTP/1.1" 302 281
2025-02-26 14:11:06,001 - DEBUG - https://www.tabroom.com:443 "GET /user/home.mhtml HTTP/1.1" 302 302
2025-02-26 14:11:06,150 - DEBUG - https://www.tabroom.com:443 "GET /user/judge/index.mhtml?err=&msg= HTTP/1.1" 200 None
2025-02-26 14:11:06,818 - DEBUG - https://www.tabroom.com:443 "GET /index/paradigm.mhtml?judge_person_id=8348 HTTP/1.1" 200 None
2025-02-26 14:11:07,191 - DEBUG - Starting new HTTPS connection (1): www.tabroom.com:443
2025-02-26 14:11:07,475 - DEBUG - https://www.tabroom.com:443 "POST /user/login/login_save.mhtml HTTP/1.1" 302 281
2025-02-26 14:11:07,908 - DEBUG - https://www.tabroom.com:443 "GET /user/home.mhtml HTTP/1.1" 302 302
2025-02-26 14:11:08,058 - DEBUG - https://www.tabroom.com:443 "GET /user/judge/index.mhtml?err=&msg= HTTP/1.1" 200 None
2025-02-26 14:11:08,524 - DEBUG - https://www.tabroom.com:443 "GET /index/paradigm.mhtml?judge_person_id=53138 HTTP/1.1" 200 None
2025-02-26 14:11:08,684 - DEBUG - Starting new HTTPS connection (1): www.tabroom.com:443
2025-02-26 14:11:08,933 - DEBUG - https://www.tabroom.com:443 "POST /user/login/login_save.mhtml HTTP/1.1" 302 281
2025-02-26 14:11:09,240 - DEBUG - https://www.tabroom.com:443 "GET /user/home.mhtml HTTP/1.1" 302 302
2025-02-26 14:11:09,371 - DEBUG - https://www.tabroom.com:443 "GET /user/judge/index.mhtml?err=&msg= HTTP/1.1" 200 None
2025-02-26 14:11:09,686 - DEBUG - https://www.tabroom.com:443 "GET /index/paradigm.mhtml?judge_person_id=125290 HTTP/1.1" 200 None
2025-02-26 14:11:09,726 - DEBUG - Starting new HTTPS connection (1): www.tabroom.com:443
2025-02-26 14:11:09,993 - DEBUG - https://www.tabroom.com:443 "POST /user/login/login_save.mhtml HTTP/1.1" 302 281
2025-02-26 14:11:10,219 - DEBUG - https://www.tabroom.com:443 "GET /user/home.mhtml HTTP/1.1" 302 302
2025-02-26 14:11:10,357 - DEBUG - https://www.tabroom.com:443 "GET /user/judge/index.mhtml?err=&msg= HTTP/1.1" 200 None
2025-02-26 14:11:10,745 - DEBUG - https://www.tabroom.com:443 "GET /index/paradigm.mhtml?judge_person_id=393011 HTTP/1.1" 200 None
2025-02-26 14:11:10,805 - DEBUG - Starting new HTTPS connection (1): www.tabroom.com:443
2025-02-26 14:11:11,077 - DEBUG - https://www.tabroom.com:443 "POST /user/login/login_save.mhtml HTTP/1.1" 302 281
2025-02-26 14:11:11,593 - DEBUG - https://www.tabroom.com:443 "GET /user/home.mhtml HTTP/1.1" 302 302
2025-02-26 14:11:11,727 - DEBUG - https://www.tabroom.com:443 "GET /user/judge/index.mhtml?err=&msg= HTTP/1.1" 200 None
2025-02-26 14:11:11,851 - DEBUG - https://www.tabroom.com:443 "GET /index/paradigm.mhtml?judge_person_id=213296 HTTP/1.1" 200 None
2025-02-26 14:11:12,037 - DEBUG - Starting new HTTPS connection (1): www.tabroom.com:443
2025-02-26 14:11:12,286 - DEBUG - https://www.tabroom.com:443 "POST /user/login/login_save.mhtml HTTP/1.1" 302 281
2025-02-26 14:11:12,617 - DEBUG - https://www.tabroom.com:443 "GET /user/home.mhtml HTTP/1.1" 302 302
2025-02-26 14:11:12,748 - DEBUG - https://www.tabroom.com:443 "GET /user/judge/index.mhtml?err=&msg= HTTP/1.1" 200 None
2025-02-26 14:11:13,242 - DEBUG - https://www.tabroom.com:443 "GET /index/paradigm.mhtml?judge_person_id=175348 HTTP/1.1" 200 None
2025-02-26 14:11:13,424 - DEBUG - Starting new HTTPS connection (1): www.tabroom.com:443
2025-02-26 14:11:13,679 - DEBUG - https://www.tabroom.com:443 "POST /user/login/login_save.mhtml HTTP/1.1" 302 281
2025-02-26 14:11:13,933 - DEBUG - https://www.tabroom.com:443 "GET /user/home.mhtml HTTP/1.1" 302 302
2025-02-26 14:11:14,074 - DEBUG - https://www.tabroom.com:443 "GET /user/judge/index.mhtml?err=&msg= HTTP/1.1" 200 None
2025-02-26 14:11:14,190 - DEBUG - https://www.tabroom.com:443 "GET /index/paradigm.mhtml?judge_person_id=148028 HTTP/1.1" 200 None
2025-02-26 14:11:14,335 - DEBUG - Starting new HTTPS connection (1): www.tabroom.com:443
2025-02-26 14:11:14,599 - DEBUG - https://www.tabroom.com:443 "POST /user/login/login_save.mhtml HTTP/1.1" 302 281
2025-02-26 14:11:14,974 - DEBUG - https://www.tabroom.com:443 "GET /user/home.mhtml HTTP/1.1" 302 302
2025-02-26 14:11:15,111 - DEBUG - https://www.tabroom.com:443 "GET /user/judge/index.mhtml?err=&msg= HTTP/1.1" 200 None
2025-02-26 14:11:15,563 - DEBUG - https://www.tabroom.com:443 "GET /index/paradigm.mhtml?judge_person_id=17746 HTTP/1.1" 200 None
2025-02-26 14:11:15,708 - DEBUG - Starting new HTTPS connection (1): www.tabroom.com:443
2025-02-26 14:11:15,964 - DEBUG - https://www.tabroom.com:443 "POST /user/login/login_save.mhtml HTTP/1.1" 302 281
2025-02-26 14:11:16,303 - DEBUG - https://www.tabroom.com:443 "GET /user/home.mhtml HTTP/1.1" 302 302
2025-02-26 14:11:16,442 - DEBUG - https://www.tabroom.com:443 "GET /user/judge/index.mhtml?err=&msg= HTTP/1.1" 200 None
2025-02-26 14:11:16,817 - DEBUG - https://www.tabroom.com:443 "GET /index/paradigm.mhtml?judge_person_id=674887 HTTP/1.1" 200 None
2025-02-26 14:11:16,875 - DEBUG - Starting new HTTPS connection (1): www.tabroom.com:443
2025-02-26 14:11:17,134 - DEBUG - https://www.tabroom.com:443 "POST /user/login/login_save.mhtml HTTP/1.1" 302 281
2025-02-26 14:11:17,433 - DEBUG - https://www.tabroom.com:443 "GET /user/home.mhtml HTTP/1.1" 302 302
2025-02-26 14:11:17,579 - DEBUG - https://www.tabroom.com:443 "GET /user/judge/index.mhtml?err=&msg= HTTP/1.1" 200 None
2025-02-26 14:11:17,983 - DEBUG - https://www.tabroom.com:443 "GET /index/paradigm.mhtml?judge_person_id=6695 HTTP/1.1" 200 None
2025-02-26 14:11:18,038 - DEBUG - Starting new HTTPS connection (1): www.tabroom.com:443
2025-02-26 14:11:18,297 - DEBUG - https://www.tabroom.com:443 "POST /user/login/login_save.mhtml HTTP/1.1" 302 281
2025-02-26 14:11:18,660 - DEBUG - https://www.tabroom.com:443 "GET /user/home.mhtml HTTP/1.1" 302 302
2025-02-26 14:11:18,795 - DEBUG - https://www.tabroom.com:443 "GET /user/judge/index.mhtml?err=&msg= HTTP/1.1" 200 None
2025-02-26 14:11:19,327 - DEBUG - https://www.tabroom.com:443 "GET /index/paradigm.mhtml?judge_person_id=15555 HTTP/1.1" 200 None
2025-02-26 14:11:19,610 - DEBUG - Starting new HTTPS connection (1): www.tabroom.com:443
2025-02-26 14:11:19,883 - DEBUG - https://www.tabroom.com:443 "POST /user/login/login_save.mhtml HTTP/1.1" 302 281
2025-02-26 14:11:20,313 - DEBUG - https://www.tabroom.com:443 "GET /user/home.mhtml HTTP/1.1" 302 302
2025-02-26 14:11:20,451 - DEBUG - https://www.tabroom.com:443 "GET /user/judge/index.mhtml?err=&msg= HTTP/1.1" 200 None
2025-02-26 14:11:21,018 - DEBUG - https://www.tabroom.com:443 "GET /index/paradigm.mhtml?judge_person_id=12742 HTTP/1.1" 200 None
2025-02-26 14:11:21,258 - DEBUG - 34410
